<?xml version="1.0" encoding="UTF-8"?>
<!-- Generated by org.testng.reporters.JUnitXMLReporter -->
<testsuite ignored="0" hostname="DESKTOP-SVJDG53" failures="0" tests="2" name="Deletion" time="10.39" errors="0" timestamp="2022-09-14T11:20:17 IST">
  <testcase classname="testcases.Report" name="@BeforeMethod setUp" time="10.301">
    <failure type="org.openqa.selenium.SessionNotCreatedException" message="Could not start a new session. Response code 500. Message: session not created: This version of ChromeDriver only supports Chrome version 102
Current browser version is 105.0.5195.102 with binary path C:\Program Files\Google\Chrome\Application\chrome.exe
Build info: version: &amp;apos;4.1.2&amp;apos;, revision: &amp;apos;9a5a329c5a&amp;apos;
System info: host: &amp;apos;DESKTOP-SVJDG53&amp;apos;, ip: &amp;apos;192.168.56.1&amp;apos;, os.name: &amp;apos;Windows 10&amp;apos;, os.arch: &amp;apos;amd64&amp;apos;, os.version: &amp;apos;10.0&amp;apos;, java.version: &amp;apos;11.0.13&amp;apos;
Driver info: org.openqa.selenium.chrome.ChromeDriver
Command: [null, newSession {capabilities=[Capabilities {browserName: chrome, goog:chromeOptions: {args: [], extensions: []}}], desiredCapabilities=Capabilities {browserName: chrome, goog:chromeOptions: {args: [], extensions: []}}}]">
      <![CDATA[org.openqa.selenium.SessionNotCreatedException: Could not start a new session. Response code 500. Message: session not created: This version of ChromeDriver only supports Chrome version 102
Current browser version is 105.0.5195.102 with binary path C:\Program Files\Google\Chrome\Application\chrome.exe
Build info: version: '4.1.2', revision: '9a5a329c5a'
System info: host: 'DESKTOP-SVJDG53', ip: '192.168.56.1', os.name: 'Windows 10', os.arch: 'amd64', os.version: '10.0', java.version: '11.0.13'
Driver info: org.openqa.selenium.chrome.ChromeDriver
Command: [null, newSession {capabilities=[Capabilities {browserName: chrome, goog:chromeOptions: {args: [], extensions: []}}], desiredCapabilities=Capabilities {browserName: chrome, goog:chromeOptions: {args: [], extensions: []}}}]
at org.openqa.selenium.remote.ProtocolHandshake.createSession(ProtocolHandshake.java:126)
at org.openqa.selenium.remote.ProtocolHandshake.createSession(ProtocolHandshake.java:84)
at org.openqa.selenium.remote.ProtocolHandshake.createSession(ProtocolHandshake.java:62)
at org.openqa.selenium.remote.HttpCommandExecutor.execute(HttpCommandExecutor.java:156)
at org.openqa.selenium.remote.service.DriverCommandExecutor.invokeExecute(DriverCommandExecutor.java:167)
at org.openqa.selenium.remote.service.DriverCommandExecutor.execute(DriverCommandExecutor.java:142)
at org.openqa.selenium.remote.RemoteWebDriver.execute(RemoteWebDriver.java:558)
at org.openqa.selenium.remote.RemoteWebDriver.startSession(RemoteWebDriver.java:245)
at org.openqa.selenium.remote.RemoteWebDriver.<init>(RemoteWebDriver.java:161)
at org.openqa.selenium.chromium.ChromiumDriver.<init>(ChromiumDriver.java:108)
at org.openqa.selenium.chrome.ChromeDriver.<init>(ChromeDriver.java:106)
at org.openqa.selenium.chrome.ChromeDriver.<init>(ChromeDriver.java:93)
at org.openqa.selenium.chrome.ChromeDriver.<init>(ChromeDriver.java:48)
at testcases.Report.setUp(Report.java:46)
at java.base/java.util.ArrayList.forEach(ArrayList.java:1541)
... Removed 31 stack frames]]>
    </failure>
  </testcase> <!-- @BeforeMethod setUp -->
  <testcase classname="testcases.Report" name="@AfterMethod tearOff" time="-1.663134617019E9">
    <skipped/>
  </testcase> <!-- @AfterMethod tearOff -->
  <testcase classname="testcases.Report" name="@BeforeMethod setUp" time="-1.663134617022E9">
    <skipped/>
  </testcase> <!-- @BeforeMethod setUp -->
  <testcase classname="testcases.Report" name="@AfterMethod tearOff" time="-1.663134617033E9">
    <skipped/>
  </testcase> <!-- @AfterMethod tearOff -->
  <testcase classname="testcases.Report" name="DeleteAll" time="0.0">
    <skipped/>
  </testcase> <!-- DeleteAll -->
  <testcase classname="testcases.Report" name="DeleteExportApp" time="0.0">
    <skipped/>
  </testcase> <!-- DeleteExportApp -->
</testsuite> <!-- Deletion -->
